[2024-04-02T22:11:10.088+0000] {taskinstance.py:1979} INFO - Dependencies all met for dep_context=non-requeueable deps ti=<TaskInstance: food_pipeline_dag_v02.download_data manual__2024-04-02T22:11:09.216793+00:00 [queued]>
[2024-04-02T22:11:10.094+0000] {taskinstance.py:1979} INFO - Dependencies all met for dep_context=requeueable deps ti=<TaskInstance: food_pipeline_dag_v02.download_data manual__2024-04-02T22:11:09.216793+00:00 [queued]>
[2024-04-02T22:11:10.095+0000] {taskinstance.py:2193} INFO - Starting attempt 1 of 1
[2024-04-02T22:11:10.105+0000] {taskinstance.py:2217} INFO - Executing <Task(BashOperator): download_data> on 2024-04-02 22:11:09.216793+00:00
[2024-04-02T22:11:10.109+0000] {standard_task_runner.py:60} INFO - Started process 1282 to run task
[2024-04-02T22:11:10.111+0000] {standard_task_runner.py:87} INFO - Running: ['***', 'tasks', 'run', 'food_pipeline_dag_v02', 'download_data', 'manual__2024-04-02T22:11:09.216793+00:00', '--job-id', '15', '--raw', '--subdir', 'DAGS_FOLDER/food_dag.py', '--cfg-path', '/tmp/tmpi9ny9or5']
[2024-04-02T22:11:10.113+0000] {standard_task_runner.py:88} INFO - Job 15: Subtask download_data
[2024-04-02T22:11:10.147+0000] {task_command.py:423} INFO - Running <TaskInstance: food_pipeline_dag_v02.download_data manual__2024-04-02T22:11:09.216793+00:00 [running]> on host 8a5043ba3213
[2024-04-02T22:11:10.205+0000] {taskinstance.py:2513} INFO - Exporting env vars: AIRFLOW_CTX_DAG_OWNER='kenneth' AIRFLOW_CTX_DAG_ID='food_pipeline_dag_v02' AIRFLOW_CTX_TASK_ID='download_data' AIRFLOW_CTX_EXECUTION_DATE='2024-04-02T22:11:09.216793+00:00' AIRFLOW_CTX_TRY_NUMBER='1' AIRFLOW_CTX_DAG_RUN_ID='manual__2024-04-02T22:11:09.216793+00:00'
[2024-04-02T22:11:10.206+0000] {subprocess.py:63} INFO - Tmp dir root location: /tmp
[2024-04-02T22:11:10.207+0000] {subprocess.py:75} INFO - Running command: ['/usr/bin/bash', '-c', 'wget https://fsa-catalogue2.s3.eu-west-2.amazonaws.com/Approved+establishments+01-03-2024.csv -O data.csv && pwd']
[2024-04-02T22:11:10.214+0000] {subprocess.py:86} INFO - Output:
[2024-04-02T22:11:10.218+0000] {subprocess.py:93} INFO - --2024-04-02 22:11:10--  https://fsa-catalogue2.s3.eu-west-2.amazonaws.com/Approved+establishments+01-03-2024.csv
[2024-04-02T22:11:10.267+0000] {subprocess.py:93} INFO - Resolving fsa-catalogue2.s3.eu-west-2.amazonaws.com (fsa-catalogue2.s3.eu-west-2.amazonaws.com)... 52.95.148.18, 3.5.245.154, 52.95.149.106, ...
[2024-04-02T22:11:10.278+0000] {subprocess.py:93} INFO - Connecting to fsa-catalogue2.s3.eu-west-2.amazonaws.com (fsa-catalogue2.s3.eu-west-2.amazonaws.com)|52.95.148.18|:443... connected.
[2024-04-02T22:11:10.333+0000] {subprocess.py:93} INFO - HTTP request sent, awaiting response... 200 OK
[2024-04-02T22:11:10.333+0000] {subprocess.py:93} INFO - Length: 1750355 (1.7M) [text/csv]
[2024-04-02T22:11:10.333+0000] {subprocess.py:93} INFO - Saving to: ‘data.csv’
[2024-04-02T22:11:10.335+0000] {subprocess.py:93} INFO - 
[2024-04-02T22:11:10.368+0000] {subprocess.py:93} INFO -      0K .......... .......... .......... .......... ..........  2% 1.39M 1s
[2024-04-02T22:11:10.385+0000] {subprocess.py:93} INFO -     50K .......... .......... .......... .......... ..........  5% 3.55M 1s
[2024-04-02T22:11:10.394+0000] {subprocess.py:93} INFO -    100K .......... .......... .......... .......... ..........  8% 3.97M 1s
[2024-04-02T22:11:10.398+0000] {subprocess.py:93} INFO -    150K .......... .......... .......... .......... .......... 11% 12.1M 0s
[2024-04-02T22:11:10.413+0000] {subprocess.py:93} INFO -    200K .......... .......... .......... .......... .......... 14% 3.30M 0s
[2024-04-02T22:11:10.424+0000] {subprocess.py:93} INFO -    250K .......... .......... .......... .......... .......... 17% 4.41M 0s
[2024-04-02T22:11:10.428+0000] {subprocess.py:93} INFO -    300K .......... .......... .......... .......... .......... 20% 11.6M 0s
[2024-04-02T22:11:10.438+0000] {subprocess.py:93} INFO -    350K .......... .......... .......... .......... .......... 23% 4.99M 0s
[2024-04-02T22:11:10.440+0000] {subprocess.py:93} INFO -    400K .......... .......... .......... .......... .......... 26% 21.4M 0s
[2024-04-02T22:11:10.452+0000] {subprocess.py:93} INFO -    450K .......... .......... .......... .......... .......... 29% 4.25M 0s
[2024-04-02T22:11:10.454+0000] {subprocess.py:93} INFO -    500K .......... .......... .......... .......... .......... 32% 18.2M 0s
[2024-04-02T22:11:10.480+0000] {subprocess.py:93} INFO -    550K .......... .......... .......... .......... .......... 35% 1.90M 0s
[2024-04-02T22:11:10.485+0000] {subprocess.py:93} INFO -    600K .......... .......... .......... .......... .......... 38% 11.0M 0s
[2024-04-02T22:11:10.512+0000] {subprocess.py:93} INFO -    650K .......... .......... .......... .......... .......... 40% 1.80M 0s
[2024-04-02T22:11:10.512+0000] {subprocess.py:93} INFO -    700K .......... .......... .......... .......... .......... 43%  664M 0s
[2024-04-02T22:11:10.516+0000] {subprocess.py:93} INFO -    750K .......... .......... .......... .......... .......... 46% 11.7M 0s
[2024-04-02T22:11:10.526+0000] {subprocess.py:93} INFO -    800K .......... .......... .......... .......... .......... 49% 4.85M 0s
[2024-04-02T22:11:10.526+0000] {subprocess.py:93} INFO -    850K .......... .......... .......... .......... .......... 52%  299M 0s
[2024-04-02T22:11:10.526+0000] {subprocess.py:93} INFO -    900K .......... .......... .......... .......... .......... 55%  502M 0s
[2024-04-02T22:11:10.529+0000] {subprocess.py:93} INFO -    950K .......... .......... .......... .......... .......... 58% 15.0M 0s
[2024-04-02T22:11:10.530+0000] {subprocess.py:93} INFO -   1000K .......... .......... .......... .......... .......... 61%  602M 0s
[2024-04-02T22:11:10.532+0000] {subprocess.py:93} INFO -   1050K .......... .......... .......... .......... .......... 64% 19.9M 0s
[2024-04-02T22:11:10.538+0000] {subprocess.py:93} INFO -   1100K .......... .......... .......... .......... .......... 67% 8.19M 0s
[2024-04-02T22:11:10.540+0000] {subprocess.py:93} INFO -   1150K .......... .......... .......... .......... .......... 70% 22.4M 0s
[2024-04-02T22:11:10.540+0000] {subprocess.py:93} INFO -   1200K .......... .......... .......... .......... .......... 73%  468M 0s
[2024-04-02T22:11:10.540+0000] {subprocess.py:93} INFO -   1250K .......... .......... .......... .......... .......... 76%  479M 0s
[2024-04-02T22:11:10.548+0000] {subprocess.py:93} INFO -   1300K .......... .......... .......... .......... .......... 78% 6.29M 0s
[2024-04-02T22:11:10.603+0000] {subprocess.py:93} INFO -   1350K .......... .......... .......... .......... .......... 81%  914K 0s
[2024-04-02T22:11:10.607+0000] {subprocess.py:93} INFO -   1400K .......... .......... .......... .......... .......... 84% 12.7M 0s
[2024-04-02T22:11:10.607+0000] {subprocess.py:93} INFO -   1450K .......... .......... .......... .......... .......... 87%  215M 0s
[2024-04-02T22:11:10.608+0000] {subprocess.py:93} INFO -   1500K .......... .......... .......... .......... .......... 90%  146M 0s
[2024-04-02T22:11:10.609+0000] {subprocess.py:93} INFO -   1550K .......... .......... .......... .......... .......... 93% 32.5M 0s
[2024-04-02T22:11:10.610+0000] {subprocess.py:93} INFO -   1600K .......... .......... .......... .......... .......... 96% 89.7M 0s
[2024-04-02T22:11:10.612+0000] {subprocess.py:93} INFO -   1650K .......... .......... .......... .......... .......... 99% 16.2M 0s
[2024-04-02T22:11:10.613+0000] {subprocess.py:93} INFO -   1700K .........                                             100% 77.5M=0.3s
[2024-04-02T22:11:10.613+0000] {subprocess.py:93} INFO - 
[2024-04-02T22:11:10.613+0000] {subprocess.py:93} INFO - 2024-04-02 22:11:10 (5.97 MB/s) - ‘data.csv’ saved [1750355/1750355]
[2024-04-02T22:11:10.613+0000] {subprocess.py:93} INFO - 
[2024-04-02T22:11:10.614+0000] {subprocess.py:93} INFO - /tmp/***tmp0hf3kzzv
[2024-04-02T22:11:10.614+0000] {subprocess.py:97} INFO - Command exited with return code 0
[2024-04-02T22:11:10.649+0000] {taskinstance.py:1149} INFO - Marking task as SUCCESS. dag_id=food_pipeline_dag_v02, task_id=download_data, execution_date=20240402T221109, start_date=20240402T221110, end_date=20240402T221110
[2024-04-02T22:11:10.687+0000] {local_task_job_runner.py:234} INFO - Task exited with return code 0
[2024-04-02T22:11:10.706+0000] {taskinstance.py:3312} INFO - 1 downstream tasks scheduled from follow-on schedule check
