[2024-04-02T22:16:54.281+0000] {taskinstance.py:1979} INFO - Dependencies all met for dep_context=non-requeueable deps ti=<TaskInstance: food_pipeline_dag_v02.download_data manual__2024-04-02T22:16:52.938706+00:00 [queued]>
[2024-04-02T22:16:54.289+0000] {taskinstance.py:1979} INFO - Dependencies all met for dep_context=requeueable deps ti=<TaskInstance: food_pipeline_dag_v02.download_data manual__2024-04-02T22:16:52.938706+00:00 [queued]>
[2024-04-02T22:16:54.289+0000] {taskinstance.py:2193} INFO - Starting attempt 1 of 1
[2024-04-02T22:16:54.304+0000] {taskinstance.py:2217} INFO - Executing <Task(BashOperator): download_data> on 2024-04-02 22:16:52.938706+00:00
[2024-04-02T22:16:54.311+0000] {standard_task_runner.py:60} INFO - Started process 1428 to run task
[2024-04-02T22:16:54.314+0000] {standard_task_runner.py:87} INFO - Running: ['***', 'tasks', 'run', 'food_pipeline_dag_v02', 'download_data', 'manual__2024-04-02T22:16:52.938706+00:00', '--job-id', '17', '--raw', '--subdir', 'DAGS_FOLDER/food_dag.py', '--cfg-path', '/tmp/tmpkvosoj_a']
[2024-04-02T22:16:54.317+0000] {standard_task_runner.py:88} INFO - Job 17: Subtask download_data
[2024-04-02T22:16:54.383+0000] {task_command.py:423} INFO - Running <TaskInstance: food_pipeline_dag_v02.download_data manual__2024-04-02T22:16:52.938706+00:00 [running]> on host 8a5043ba3213
[2024-04-02T22:16:54.474+0000] {taskinstance.py:2513} INFO - Exporting env vars: AIRFLOW_CTX_DAG_OWNER='kenneth' AIRFLOW_CTX_DAG_ID='food_pipeline_dag_v02' AIRFLOW_CTX_TASK_ID='download_data' AIRFLOW_CTX_EXECUTION_DATE='2024-04-02T22:16:52.938706+00:00' AIRFLOW_CTX_TRY_NUMBER='1' AIRFLOW_CTX_DAG_RUN_ID='manual__2024-04-02T22:16:52.938706+00:00'
[2024-04-02T22:16:54.476+0000] {subprocess.py:63} INFO - Tmp dir root location: /tmp
[2024-04-02T22:16:54.477+0000] {subprocess.py:75} INFO - Running command: ['/usr/bin/bash', '-c', 'wget https://fsa-catalogue2.s3.eu-west-2.amazonaws.com/Approved+establishments+01-03-2024.csv -O data.csv && pwd && echo /path/to/data.csv']
[2024-04-02T22:16:54.486+0000] {subprocess.py:86} INFO - Output:
[2024-04-02T22:16:54.492+0000] {subprocess.py:93} INFO - --2024-04-02 22:16:54--  https://fsa-catalogue2.s3.eu-west-2.amazonaws.com/Approved+establishments+01-03-2024.csv
[2024-04-02T22:16:54.533+0000] {subprocess.py:93} INFO - Resolving fsa-catalogue2.s3.eu-west-2.amazonaws.com (fsa-catalogue2.s3.eu-west-2.amazonaws.com)... 52.95.142.50, 3.5.244.113, 3.5.245.136, ...
[2024-04-02T22:16:54.544+0000] {subprocess.py:93} INFO - Connecting to fsa-catalogue2.s3.eu-west-2.amazonaws.com (fsa-catalogue2.s3.eu-west-2.amazonaws.com)|52.95.142.50|:443... connected.
[2024-04-02T22:16:54.624+0000] {subprocess.py:93} INFO - HTTP request sent, awaiting response... 200 OK
[2024-04-02T22:16:54.625+0000] {subprocess.py:93} INFO - Length: 1750355 (1.7M) [text/csv]
[2024-04-02T22:16:54.625+0000] {subprocess.py:93} INFO - Saving to: ‘data.csv’
[2024-04-02T22:16:54.625+0000] {subprocess.py:93} INFO - 
[2024-04-02T22:16:54.659+0000] {subprocess.py:93} INFO -      0K .......... .......... .......... .......... ..........  2% 1.40M 1s
[2024-04-02T22:16:54.670+0000] {subprocess.py:93} INFO -     50K .......... .......... .......... .......... ..........  5% 29.9M 1s
[2024-04-02T22:16:54.675+0000] {subprocess.py:93} INFO -    100K .......... .......... .......... .......... ..........  8% 3.46M 1s
[2024-04-02T22:16:54.684+0000] {subprocess.py:93} INFO -    150K .......... .......... .......... .......... .......... 11% 5.44M 0s
[2024-04-02T22:16:54.696+0000] {subprocess.py:93} INFO -    200K .......... .......... .......... .......... .......... 14% 3.97M 0s
[2024-04-02T22:16:54.702+0000] {subprocess.py:93} INFO -    250K .......... .......... .......... .......... .......... 17% 9.33M 0s
[2024-04-02T22:16:54.711+0000] {subprocess.py:93} INFO -    300K .......... .......... .......... .......... .......... 20% 5.33M 0s
[2024-04-02T22:16:54.719+0000] {subprocess.py:93} INFO -    350K .......... .......... .......... .......... .......... 23% 5.73M 0s
[2024-04-02T22:16:54.727+0000] {subprocess.py:93} INFO -    400K .......... .......... .......... .......... .......... 26% 6.14M 0s
[2024-04-02T22:16:54.731+0000] {subprocess.py:93} INFO -    450K .......... .......... .......... .......... .......... 29% 12.5M 0s
[2024-04-02T22:16:54.752+0000] {subprocess.py:93} INFO -    500K .......... .......... .......... .......... .......... 32% 2.37M 0s
[2024-04-02T22:16:54.755+0000] {subprocess.py:93} INFO -    550K .......... .......... .......... .......... .......... 35% 13.3M 0s
[2024-04-02T22:16:54.760+0000] {subprocess.py:93} INFO -    600K .......... .......... .......... .......... .......... 38% 10.7M 0s
[2024-04-02T22:16:54.785+0000] {subprocess.py:93} INFO -    650K .......... .......... .......... .......... .......... 40% 1.96M 0s
[2024-04-02T22:16:54.789+0000] {subprocess.py:93} INFO -    700K .......... .......... .......... .......... .......... 43% 12.8M 0s
[2024-04-02T22:16:54.794+0000] {subprocess.py:93} INFO -    750K .......... .......... .......... .......... .......... 46% 8.57M 0s
[2024-04-02T22:16:54.800+0000] {subprocess.py:93} INFO -    800K .......... .......... .......... .......... .......... 49% 8.84M 0s
[2024-04-02T22:16:54.805+0000] {subprocess.py:93} INFO -    850K .......... .......... .......... .......... .......... 52% 10.3M 0s
[2024-04-02T22:16:54.821+0000] {subprocess.py:93} INFO -    900K .......... .......... .......... .......... .......... 55% 5.56M 0s
[2024-04-02T22:16:54.825+0000] {subprocess.py:93} INFO -    950K .......... .......... .......... .......... .......... 58% 4.17M 0s
[2024-04-02T22:16:54.834+0000] {subprocess.py:93} INFO -   1000K .......... .......... .......... .......... .......... 61% 5.44M 0s
[2024-04-02T22:16:54.837+0000] {subprocess.py:93} INFO -   1050K .......... .......... .......... .......... .......... 64% 17.5M 0s
[2024-04-02T22:16:54.863+0000] {subprocess.py:93} INFO -   1100K .......... .......... .......... .......... .......... 67% 1.88M 0s
[2024-04-02T22:16:54.866+0000] {subprocess.py:93} INFO -   1150K .......... .......... .......... .......... .......... 70% 13.6M 0s
[2024-04-02T22:16:54.877+0000] {subprocess.py:93} INFO -   1200K .......... .......... .......... .......... .......... 73% 4.64M 0s
[2024-04-02T22:16:54.882+0000] {subprocess.py:93} INFO -   1250K .......... .......... .......... .......... .......... 76% 10.2M 0s
[2024-04-02T22:16:54.886+0000] {subprocess.py:93} INFO -   1300K .......... .......... .......... .......... .......... 78% 10.6M 0s
[2024-04-02T22:16:54.895+0000] {subprocess.py:93} INFO -   1350K .......... .......... .......... .......... .......... 81% 5.34M 0s
[2024-04-02T22:16:54.899+0000] {subprocess.py:93} INFO -   1400K .......... .......... .......... .......... .......... 84% 12.1M 0s
[2024-04-02T22:16:54.904+0000] {subprocess.py:93} INFO -   1450K .......... .......... .......... .......... .......... 87% 11.0M 0s
[2024-04-02T22:16:54.914+0000] {subprocess.py:93} INFO -   1500K .......... .......... .......... .......... .......... 90% 4.96M 0s
[2024-04-02T22:16:54.916+0000] {subprocess.py:93} INFO -   1550K .......... .......... .......... .......... .......... 93% 18.6M 0s
[2024-04-02T22:16:54.926+0000] {subprocess.py:93} INFO -   1600K .......... .......... .......... .......... .......... 96% 5.34M 0s
[2024-04-02T22:16:54.936+0000] {subprocess.py:93} INFO -   1650K .......... .......... .......... .......... .......... 99% 4.60M 0s
[2024-04-02T22:16:54.936+0000] {subprocess.py:93} INFO -   1700K .........                                             100%  287M=0.3s
[2024-04-02T22:16:54.937+0000] {subprocess.py:93} INFO - 
[2024-04-02T22:16:54.937+0000] {subprocess.py:93} INFO - 2024-04-02 22:16:54 (5.36 MB/s) - ‘data.csv’ saved [1750355/1750355]
[2024-04-02T22:16:54.937+0000] {subprocess.py:93} INFO - 
[2024-04-02T22:16:54.937+0000] {subprocess.py:93} INFO - /tmp/***tmpnt4ily47
[2024-04-02T22:16:54.937+0000] {subprocess.py:93} INFO - /path/to/data.csv
[2024-04-02T22:16:54.938+0000] {subprocess.py:97} INFO - Command exited with return code 0
[2024-04-02T22:16:54.956+0000] {taskinstance.py:1149} INFO - Marking task as SUCCESS. dag_id=food_pipeline_dag_v02, task_id=download_data, execution_date=20240402T221652, start_date=20240402T221654, end_date=20240402T221654
[2024-04-02T22:16:54.971+0000] {local_task_job_runner.py:234} INFO - Task exited with return code 0
[2024-04-02T22:16:54.985+0000] {taskinstance.py:3312} INFO - 1 downstream tasks scheduled from follow-on schedule check
