[2024-04-02T21:27:39.450+0000] {taskinstance.py:1979} INFO - Dependencies all met for dep_context=non-requeueable deps ti=<TaskInstance: food_pipeline_dag_v01.download_data manual__2024-04-02T21:27:38.111690+00:00 [queued]>
[2024-04-02T21:27:39.457+0000] {taskinstance.py:1979} INFO - Dependencies all met for dep_context=requeueable deps ti=<TaskInstance: food_pipeline_dag_v01.download_data manual__2024-04-02T21:27:38.111690+00:00 [queued]>
[2024-04-02T21:27:39.457+0000] {taskinstance.py:2193} INFO - Starting attempt 1 of 1
[2024-04-02T21:27:39.467+0000] {taskinstance.py:2217} INFO - Executing <Task(BashOperator): download_data> on 2024-04-02 21:27:38.111690+00:00
[2024-04-02T21:27:39.471+0000] {standard_task_runner.py:60} INFO - Started process 217 to run task
[2024-04-02T21:27:39.474+0000] {standard_task_runner.py:87} INFO - Running: ['***', 'tasks', 'run', 'food_pipeline_dag_v01', 'download_data', 'manual__2024-04-02T21:27:38.111690+00:00', '--job-id', '10', '--raw', '--subdir', 'DAGS_FOLDER/food_dag.py', '--cfg-path', '/tmp/tmpnqtl_t96']
[2024-04-02T21:27:39.475+0000] {standard_task_runner.py:88} INFO - Job 10: Subtask download_data
[2024-04-02T21:27:39.511+0000] {task_command.py:423} INFO - Running <TaskInstance: food_pipeline_dag_v01.download_data manual__2024-04-02T21:27:38.111690+00:00 [running]> on host 8a5043ba3213
[2024-04-02T21:27:39.579+0000] {taskinstance.py:2513} INFO - Exporting env vars: AIRFLOW_CTX_DAG_OWNER='kenneth' AIRFLOW_CTX_DAG_ID='food_pipeline_dag_v01' AIRFLOW_CTX_TASK_ID='download_data' AIRFLOW_CTX_EXECUTION_DATE='2024-04-02T21:27:38.111690+00:00' AIRFLOW_CTX_TRY_NUMBER='1' AIRFLOW_CTX_DAG_RUN_ID='manual__2024-04-02T21:27:38.111690+00:00'
[2024-04-02T21:27:39.584+0000] {subprocess.py:63} INFO - Tmp dir root location: /tmp
[2024-04-02T21:27:39.584+0000] {subprocess.py:75} INFO - Running command: ['/usr/bin/bash', '-c', 'wget https://fsa-catalogue2.s3.eu-west-2.amazonaws.com/Approved+establishments+01-03-2024.csv -O data.csv']
[2024-04-02T21:27:39.592+0000] {subprocess.py:86} INFO - Output:
[2024-04-02T21:27:39.595+0000] {subprocess.py:93} INFO - --2024-04-02 21:27:39--  https://fsa-catalogue2.s3.eu-west-2.amazonaws.com/Approved+establishments+01-03-2024.csv
[2024-04-02T21:27:39.646+0000] {subprocess.py:93} INFO - Resolving fsa-catalogue2.s3.eu-west-2.amazonaws.com (fsa-catalogue2.s3.eu-west-2.amazonaws.com)... 52.95.142.106, 3.5.245.169, 52.95.144.46, ...
[2024-04-02T21:27:39.656+0000] {subprocess.py:93} INFO - Connecting to fsa-catalogue2.s3.eu-west-2.amazonaws.com (fsa-catalogue2.s3.eu-west-2.amazonaws.com)|52.95.142.106|:443... connected.
[2024-04-02T21:27:39.748+0000] {subprocess.py:93} INFO - HTTP request sent, awaiting response... 200 OK
[2024-04-02T21:27:39.748+0000] {subprocess.py:93} INFO - Length: 1750355 (1.7M) [text/csv]
[2024-04-02T21:27:39.748+0000] {subprocess.py:93} INFO - Saving to: ‘data.csv’
[2024-04-02T21:27:39.757+0000] {subprocess.py:93} INFO - 
[2024-04-02T21:27:39.779+0000] {subprocess.py:93} INFO -      0K .......... .......... .......... .......... ..........  2% 1.56M 1s
[2024-04-02T21:27:39.794+0000] {subprocess.py:93} INFO -     50K .......... .......... .......... .......... ..........  5% 5.42M 1s
[2024-04-02T21:27:39.797+0000] {subprocess.py:93} INFO -    100K .......... .......... .......... .......... ..........  8% 5.77M 1s
[2024-04-02T21:27:39.804+0000] {subprocess.py:93} INFO -    150K .......... .......... .......... .......... .......... 11% 6.39M 0s
[2024-04-02T21:27:39.813+0000] {subprocess.py:93} INFO -    200K .......... .......... .......... .......... .......... 14% 5.81M 0s
[2024-04-02T21:27:39.822+0000] {subprocess.py:93} INFO -    250K .......... .......... .......... .......... .......... 17% 5.27M 0s
[2024-04-02T21:27:39.827+0000] {subprocess.py:93} INFO -    300K .......... .......... .......... .......... .......... 20% 10.1M 0s
[2024-04-02T21:27:39.842+0000] {subprocess.py:93} INFO -    350K .......... .......... .......... .......... .......... 23% 3.16M 0s
[2024-04-02T21:27:39.848+0000] {subprocess.py:93} INFO -    400K .......... .......... .......... .......... .......... 26% 8.21M 0s
[2024-04-02T21:27:39.855+0000] {subprocess.py:93} INFO -    450K .......... .......... .......... .......... .......... 29% 7.62M 0s
[2024-04-02T21:27:39.876+0000] {subprocess.py:93} INFO -    500K .......... .......... .......... .......... .......... 32% 2.30M 0s
[2024-04-02T21:27:39.891+0000] {subprocess.py:93} INFO -    550K .......... .......... .......... .......... .......... 35% 3.34M 0s
[2024-04-02T21:27:39.898+0000] {subprocess.py:93} INFO -    600K .......... .......... .......... .......... .......... 38% 6.23M 0s
[2024-04-02T21:27:39.909+0000] {subprocess.py:93} INFO -    650K .......... .......... .......... .......... .......... 40% 4.50M 0s
[2024-04-02T21:27:39.917+0000] {subprocess.py:93} INFO -    700K .......... .......... .......... .......... .......... 43% 6.00M 0s
[2024-04-02T21:27:39.931+0000] {subprocess.py:93} INFO -    750K .......... .......... .......... .......... .......... 46% 3.47M 0s
[2024-04-02T21:27:39.940+0000] {subprocess.py:93} INFO -    800K .......... .......... .......... .......... .......... 49% 5.68M 0s
[2024-04-02T21:27:39.946+0000] {subprocess.py:93} INFO -    850K .......... .......... .......... .......... .......... 52% 8.99M 0s
[2024-04-02T21:27:39.954+0000] {subprocess.py:93} INFO -    900K .......... .......... .......... .......... .......... 55% 5.86M 0s
[2024-04-02T21:27:39.959+0000] {subprocess.py:93} INFO -    950K .......... .......... .......... .......... .......... 58% 9.42M 0s
[2024-04-02T21:27:39.972+0000] {subprocess.py:93} INFO -   1000K .......... .......... .......... .......... .......... 61% 3.72M 0s
[2024-04-02T21:27:39.988+0000] {subprocess.py:93} INFO -   1050K .......... .......... .......... .......... .......... 64% 3.17M 0s
[2024-04-02T21:27:39.999+0000] {subprocess.py:93} INFO -   1100K .......... .......... .......... .......... .......... 67% 4.11M 0s
[2024-04-02T21:27:40.006+0000] {subprocess.py:93} INFO -   1150K .......... .......... .......... .......... .......... 70% 7.66M 0s
[2024-04-02T21:27:40.052+0000] {subprocess.py:93} INFO -   1200K .......... .......... .......... .......... .......... 73% 1.06M 0s
[2024-04-02T21:27:40.058+0000] {subprocess.py:93} INFO -   1250K .......... .......... .......... .......... .......... 76% 7.77M 0s
[2024-04-02T21:27:40.115+0000] {subprocess.py:93} INFO -   1300K .......... .......... .......... .......... .......... 78%  886K 0s
[2024-04-02T21:27:40.121+0000] {subprocess.py:93} INFO -   1350K .......... .......... .......... .......... .......... 81% 7.69M 0s
[2024-04-02T21:27:40.122+0000] {subprocess.py:93} INFO -   1400K .......... .......... .......... .......... .......... 84%  389M 0s
[2024-04-02T21:27:40.122+0000] {subprocess.py:93} INFO -   1450K .......... .......... .......... .......... .......... 87%  375M 0s
[2024-04-02T21:27:40.122+0000] {subprocess.py:93} INFO -   1500K .......... .......... .......... .......... .......... 90%  432M 0s
[2024-04-02T21:27:40.122+0000] {subprocess.py:93} INFO -   1550K .......... .......... .......... .......... .......... 93%  427M 0s
[2024-04-02T21:27:40.126+0000] {subprocess.py:93} INFO -   1600K .......... .......... .......... .......... .......... 96% 10.6M 0s
[2024-04-02T21:27:40.135+0000] {subprocess.py:93} INFO -   1650K .......... .......... .......... .......... .......... 99% 5.83M 0s
[2024-04-02T21:27:40.135+0000] {subprocess.py:93} INFO -   1700K .........                                             100% 91.5M=0.4s
[2024-04-02T21:27:40.135+0000] {subprocess.py:93} INFO - 
[2024-04-02T21:27:40.136+0000] {subprocess.py:93} INFO - 2024-04-02 21:27:40 (4.32 MB/s) - ‘data.csv’ saved [1750355/1750355]
[2024-04-02T21:27:40.136+0000] {subprocess.py:93} INFO - 
[2024-04-02T21:27:40.136+0000] {subprocess.py:97} INFO - Command exited with return code 0
[2024-04-02T21:27:40.160+0000] {taskinstance.py:1149} INFO - Marking task as SUCCESS. dag_id=food_pipeline_dag_v01, task_id=download_data, execution_date=20240402T212738, start_date=20240402T212739, end_date=20240402T212740
[2024-04-02T21:27:40.210+0000] {local_task_job_runner.py:234} INFO - Task exited with return code 0
[2024-04-02T21:27:40.227+0000] {taskinstance.py:3312} INFO - 0 downstream tasks scheduled from follow-on schedule check
