[2024-04-02T22:23:35.321+0000] {taskinstance.py:1979} INFO - Dependencies all met for dep_context=non-requeueable deps ti=<TaskInstance: food_pipeline_dag_v02.download_data manual__2024-04-02T22:23:33.461282+00:00 [queued]>
[2024-04-02T22:23:35.328+0000] {taskinstance.py:1979} INFO - Dependencies all met for dep_context=requeueable deps ti=<TaskInstance: food_pipeline_dag_v02.download_data manual__2024-04-02T22:23:33.461282+00:00 [queued]>
[2024-04-02T22:23:35.328+0000] {taskinstance.py:2193} INFO - Starting attempt 1 of 1
[2024-04-02T22:23:35.339+0000] {taskinstance.py:2217} INFO - Executing <Task(BashOperator): download_data> on 2024-04-02 22:23:33.461282+00:00
[2024-04-02T22:23:35.346+0000] {standard_task_runner.py:60} INFO - Started process 1598 to run task
[2024-04-02T22:23:35.350+0000] {standard_task_runner.py:87} INFO - Running: ['***', 'tasks', 'run', 'food_pipeline_dag_v02', 'download_data', 'manual__2024-04-02T22:23:33.461282+00:00', '--job-id', '19', '--raw', '--subdir', 'DAGS_FOLDER/food_dag.py', '--cfg-path', '/tmp/tmpsfc5w23h']
[2024-04-02T22:23:35.355+0000] {standard_task_runner.py:88} INFO - Job 19: Subtask download_data
[2024-04-02T22:23:35.427+0000] {task_command.py:423} INFO - Running <TaskInstance: food_pipeline_dag_v02.download_data manual__2024-04-02T22:23:33.461282+00:00 [running]> on host 8a5043ba3213
[2024-04-02T22:23:35.504+0000] {taskinstance.py:2513} INFO - Exporting env vars: AIRFLOW_CTX_DAG_OWNER='kenneth' AIRFLOW_CTX_DAG_ID='food_pipeline_dag_v02' AIRFLOW_CTX_TASK_ID='download_data' AIRFLOW_CTX_EXECUTION_DATE='2024-04-02T22:23:33.461282+00:00' AIRFLOW_CTX_TRY_NUMBER='1' AIRFLOW_CTX_DAG_RUN_ID='manual__2024-04-02T22:23:33.461282+00:00'
[2024-04-02T22:23:35.506+0000] {subprocess.py:63} INFO - Tmp dir root location: /tmp
[2024-04-02T22:23:35.506+0000] {subprocess.py:75} INFO - Running command: ['/usr/bin/bash', '-c', 'mkdir -p /opt/***/data && wget https://fsa-catalogue2.s3.eu-west-2.amazonaws.com/Approved+establishments+01-03-2024.csv -O /opt/***/data/data.csv']
[2024-04-02T22:23:35.514+0000] {subprocess.py:86} INFO - Output:
[2024-04-02T22:23:35.521+0000] {subprocess.py:93} INFO - --2024-04-02 22:23:35--  https://fsa-catalogue2.s3.eu-west-2.amazonaws.com/Approved+establishments+01-03-2024.csv
[2024-04-02T22:23:35.826+0000] {subprocess.py:93} INFO - Resolving fsa-catalogue2.s3.eu-west-2.amazonaws.com (fsa-catalogue2.s3.eu-west-2.amazonaws.com)... 3.5.244.11, 3.5.246.2, 3.5.245.154, ...
[2024-04-02T22:23:35.835+0000] {subprocess.py:93} INFO - Connecting to fsa-catalogue2.s3.eu-west-2.amazonaws.com (fsa-catalogue2.s3.eu-west-2.amazonaws.com)|3.5.244.11|:443... connected.
[2024-04-02T22:23:35.915+0000] {subprocess.py:93} INFO - HTTP request sent, awaiting response... 200 OK
[2024-04-02T22:23:35.915+0000] {subprocess.py:93} INFO - Length: 1750355 (1.7M) [text/csv]
[2024-04-02T22:23:35.915+0000] {subprocess.py:93} INFO - Saving to: ‘/opt/***/data/data.csv’
[2024-04-02T22:23:35.916+0000] {subprocess.py:93} INFO - 
[2024-04-02T22:23:35.949+0000] {subprocess.py:93} INFO -      0K .......... .......... .......... .......... ..........  2% 1.43M 1s
[2024-04-02T22:23:35.959+0000] {subprocess.py:93} INFO -     50K .......... .......... .......... .......... ..........  5% 4.68M 1s
[2024-04-02T22:23:35.968+0000] {subprocess.py:93} INFO -    100K .......... .......... .......... .......... ..........  8% 5.68M 1s
[2024-04-02T22:23:35.974+0000] {subprocess.py:93} INFO -    150K .......... .......... .......... .......... .......... 11% 7.36M 0s
[2024-04-02T22:23:35.982+0000] {subprocess.py:93} INFO -    200K .......... .......... .......... .......... .......... 14% 6.63M 0s
[2024-04-02T22:23:35.985+0000] {subprocess.py:93} INFO -    250K .......... .......... .......... .......... .......... 17% 13.5M 0s
[2024-04-02T22:23:35.994+0000] {subprocess.py:93} INFO -    300K .......... .......... .......... .......... .......... 20% 5.69M 0s
[2024-04-02T22:23:36.000+0000] {subprocess.py:93} INFO -    350K .......... .......... .......... .......... .......... 23% 8.71M 0s
[2024-04-02T22:23:36.007+0000] {subprocess.py:93} INFO -    400K .......... .......... .......... .......... .......... 26% 6.19M 0s
[2024-04-02T22:23:36.021+0000] {subprocess.py:93} INFO -    450K .......... .......... .......... .......... .......... 29% 10.1M 0s
[2024-04-02T22:23:36.029+0000] {subprocess.py:93} INFO -    500K .......... .......... .......... .......... .......... 32% 2.86M 0s
[2024-04-02T22:23:36.035+0000] {subprocess.py:93} INFO -    550K .......... .......... .......... .......... .......... 35% 8.35M 0s
[2024-04-02T22:23:36.054+0000] {subprocess.py:93} INFO -    600K .......... .......... .......... .......... .......... 38% 2.59M 0s
[2024-04-02T22:23:36.054+0000] {subprocess.py:93} INFO -    650K .......... .......... .......... .......... .......... 40%  254M 0s
[2024-04-02T22:23:36.071+0000] {subprocess.py:93} INFO -    700K .......... .......... .......... .......... .......... 43% 2.98M 0s
[2024-04-02T22:23:36.075+0000] {subprocess.py:93} INFO -    750K .......... .......... .......... .......... .......... 46% 11.4M 0s
[2024-04-02T22:23:36.123+0000] {subprocess.py:93} INFO -    800K .......... .......... .......... .......... .......... 49% 1.01M 0s
[2024-04-02T22:23:36.125+0000] {subprocess.py:93} INFO -    850K .......... .......... .......... .......... .......... 52% 27.6M 0s
[2024-04-02T22:23:36.138+0000] {subprocess.py:93} INFO -    900K .......... .......... .......... .......... .......... 55% 3.68M 0s
[2024-04-02T22:23:36.142+0000] {subprocess.py:93} INFO -    950K .......... .......... .......... .......... .......... 58% 12.0M 0s
[2024-04-02T22:23:36.146+0000] {subprocess.py:93} INFO -   1000K .......... .......... .......... .......... .......... 61% 13.1M 0s
[2024-04-02T22:23:36.154+0000] {subprocess.py:93} INFO -   1050K .......... .......... .......... .......... .......... 64% 6.54M 0s
[2024-04-02T22:23:36.169+0000] {subprocess.py:93} INFO -   1100K .......... .......... .......... .......... .......... 67% 3.16M 0s
[2024-04-02T22:23:36.175+0000] {subprocess.py:93} INFO -   1150K .......... .......... .......... .......... .......... 70% 8.65M 0s
[2024-04-02T22:23:36.193+0000] {subprocess.py:93} INFO -   1200K .......... .......... .......... .......... .......... 73% 2.67M 0s
[2024-04-02T22:23:36.197+0000] {subprocess.py:93} INFO -   1250K .......... .......... .......... .......... .......... 76% 11.5M 0s
[2024-04-02T22:23:36.197+0000] {subprocess.py:93} INFO -   1300K .......... .......... .......... .......... .......... 78%  483M 0s
[2024-04-02T22:23:36.200+0000] {subprocess.py:93} INFO -   1350K .......... .......... .......... .......... .......... 81% 19.3M 0s
[2024-04-02T22:23:36.208+0000] {subprocess.py:93} INFO -   1400K .......... .......... .......... .......... .......... 84% 5.89M 0s
[2024-04-02T22:23:36.215+0000] {subprocess.py:93} INFO -   1450K .......... .......... .......... .......... .......... 87% 6.75M 0s
[2024-04-02T22:23:36.226+0000] {subprocess.py:93} INFO -   1500K .......... .......... .......... .......... .......... 90% 4.64M 0s
[2024-04-02T22:23:36.237+0000] {subprocess.py:93} INFO -   1550K .......... .......... .......... .......... .......... 93% 4.41M 0s
[2024-04-02T22:23:36.244+0000] {subprocess.py:93} INFO -   1600K .......... .......... .......... .......... .......... 96% 7.27M 0s
[2024-04-02T22:23:36.246+0000] {subprocess.py:93} INFO -   1650K .......... .......... .......... .......... .......... 99% 22.3M 0s
[2024-04-02T22:23:36.246+0000] {subprocess.py:93} INFO -   1700K .........                                             100% 82.5M=0.3s
[2024-04-02T22:23:36.246+0000] {subprocess.py:93} INFO - 
[2024-04-02T22:23:36.247+0000] {subprocess.py:93} INFO - 2024-04-02 22:23:36 (5.04 MB/s) - ‘/opt/***/data/data.csv’ saved [1750355/1750355]
[2024-04-02T22:23:36.247+0000] {subprocess.py:93} INFO - 
[2024-04-02T22:23:36.247+0000] {subprocess.py:97} INFO - Command exited with return code 0
[2024-04-02T22:23:36.278+0000] {taskinstance.py:1149} INFO - Marking task as SUCCESS. dag_id=food_pipeline_dag_v02, task_id=download_data, execution_date=20240402T222333, start_date=20240402T222335, end_date=20240402T222336
[2024-04-02T22:23:36.330+0000] {local_task_job_runner.py:234} INFO - Task exited with return code 0
[2024-04-02T22:23:36.345+0000] {taskinstance.py:3312} INFO - 1 downstream tasks scheduled from follow-on schedule check
