[2024-04-02T22:05:46.735+0000] {taskinstance.py:1979} INFO - Dependencies all met for dep_context=non-requeueable deps ti=<TaskInstance: food_pipeline_dag_v02.download_data manual__2024-04-02T22:05:45.670261+00:00 [queued]>
[2024-04-02T22:05:46.741+0000] {taskinstance.py:1979} INFO - Dependencies all met for dep_context=requeueable deps ti=<TaskInstance: food_pipeline_dag_v02.download_data manual__2024-04-02T22:05:45.670261+00:00 [queued]>
[2024-04-02T22:05:46.741+0000] {taskinstance.py:2193} INFO - Starting attempt 1 of 1
[2024-04-02T22:05:46.752+0000] {taskinstance.py:2217} INFO - Executing <Task(BashOperator): download_data> on 2024-04-02 22:05:45.670261+00:00
[2024-04-02T22:05:46.756+0000] {standard_task_runner.py:60} INFO - Started process 1129 to run task
[2024-04-02T22:05:46.758+0000] {standard_task_runner.py:87} INFO - Running: ['***', 'tasks', 'run', 'food_pipeline_dag_v02', 'download_data', 'manual__2024-04-02T22:05:45.670261+00:00', '--job-id', '11', '--raw', '--subdir', 'DAGS_FOLDER/food_dag.py', '--cfg-path', '/tmp/tmpnga5x90n']
[2024-04-02T22:05:46.760+0000] {standard_task_runner.py:88} INFO - Job 11: Subtask download_data
[2024-04-02T22:05:46.793+0000] {task_command.py:423} INFO - Running <TaskInstance: food_pipeline_dag_v02.download_data manual__2024-04-02T22:05:45.670261+00:00 [running]> on host 8a5043ba3213
[2024-04-02T22:05:46.864+0000] {taskinstance.py:2513} INFO - Exporting env vars: AIRFLOW_CTX_DAG_OWNER='kenneth' AIRFLOW_CTX_DAG_ID='food_pipeline_dag_v02' AIRFLOW_CTX_TASK_ID='download_data' AIRFLOW_CTX_EXECUTION_DATE='2024-04-02T22:05:45.670261+00:00' AIRFLOW_CTX_TRY_NUMBER='1' AIRFLOW_CTX_DAG_RUN_ID='manual__2024-04-02T22:05:45.670261+00:00'
[2024-04-02T22:05:46.865+0000] {subprocess.py:63} INFO - Tmp dir root location: /tmp
[2024-04-02T22:05:46.866+0000] {subprocess.py:75} INFO - Running command: ['/usr/bin/bash', '-c', 'wget https://fsa-catalogue2.s3.eu-west-2.amazonaws.com/Approved+establishments+01-03-2024.csv -O data.csv']
[2024-04-02T22:05:46.873+0000] {subprocess.py:86} INFO - Output:
[2024-04-02T22:05:46.881+0000] {subprocess.py:93} INFO - --2024-04-02 22:05:46--  https://fsa-catalogue2.s3.eu-west-2.amazonaws.com/Approved+establishments+01-03-2024.csv
[2024-04-02T22:05:46.921+0000] {subprocess.py:93} INFO - Resolving fsa-catalogue2.s3.eu-west-2.amazonaws.com (fsa-catalogue2.s3.eu-west-2.amazonaws.com)... 52.95.191.18, 3.5.244.176, 3.5.246.13, ...
[2024-04-02T22:05:46.929+0000] {subprocess.py:93} INFO - Connecting to fsa-catalogue2.s3.eu-west-2.amazonaws.com (fsa-catalogue2.s3.eu-west-2.amazonaws.com)|52.95.191.18|:443... connected.
[2024-04-02T22:05:47.010+0000] {subprocess.py:93} INFO - HTTP request sent, awaiting response... 200 OK
[2024-04-02T22:05:47.012+0000] {subprocess.py:93} INFO - Length: 1750355 (1.7M) [text/csv]
[2024-04-02T22:05:47.012+0000] {subprocess.py:93} INFO - Saving to: ‘data.csv’
[2024-04-02T22:05:47.013+0000] {subprocess.py:93} INFO - 
[2024-04-02T22:05:47.034+0000] {subprocess.py:93} INFO -      0K .......... .......... .......... .......... ..........  2% 3.32M 0s
[2024-04-02T22:05:47.043+0000] {subprocess.py:93} INFO -     50K .......... .......... .......... .......... ..........  5% 2.95M 1s
[2024-04-02T22:05:47.058+0000] {subprocess.py:93} INFO -    100K .......... .......... .......... .......... ..........  8% 3.29M 0s
[2024-04-02T22:05:47.063+0000] {subprocess.py:93} INFO -    150K .......... .......... .......... .......... .......... 11% 10.0M 0s
[2024-04-02T22:05:47.072+0000] {subprocess.py:93} INFO -    200K .......... .......... .......... .......... .......... 14% 5.39M 0s
[2024-04-02T22:05:47.077+0000] {subprocess.py:93} INFO -    250K .......... .......... .......... .......... .......... 17% 8.41M 0s
[2024-04-02T22:05:47.084+0000] {subprocess.py:93} INFO -    300K .......... .......... .......... .......... .......... 20% 6.89M 0s
[2024-04-02T22:05:47.102+0000] {subprocess.py:93} INFO -    350K .......... .......... .......... .......... .......... 23% 2.77M 0s
[2024-04-02T22:05:47.106+0000] {subprocess.py:93} INFO -    400K .......... .......... .......... .......... .......... 26% 13.2M 0s
[2024-04-02T22:05:47.106+0000] {subprocess.py:93} INFO -    450K .......... .......... .......... .......... .......... 29%  630M 0s
[2024-04-02T22:05:47.110+0000] {subprocess.py:93} INFO -    500K .......... .......... .......... .......... .......... 32% 12.1M 0s
[2024-04-02T22:05:47.114+0000] {subprocess.py:93} INFO -    550K .......... .......... .......... .......... .......... 35% 11.3M 0s
[2024-04-02T22:05:47.123+0000] {subprocess.py:93} INFO -    600K .......... .......... .......... .......... .......... 38% 5.80M 0s
[2024-04-02T22:05:47.129+0000] {subprocess.py:93} INFO -    650K .......... .......... .......... .......... .......... 40% 7.88M 0s
[2024-04-02T22:05:47.142+0000] {subprocess.py:93} INFO -    700K .......... .......... .......... .......... .......... 43% 3.62M 0s
[2024-04-02T22:05:47.150+0000] {subprocess.py:93} INFO -    750K .......... .......... .......... .......... .......... 46% 6.68M 0s
[2024-04-02T22:05:47.153+0000] {subprocess.py:93} INFO -    800K .......... .......... .......... .......... .......... 49% 13.5M 0s
[2024-04-02T22:05:47.160+0000] {subprocess.py:93} INFO -    850K .......... .......... .......... .......... .......... 52% 9.82M 0s
[2024-04-02T22:05:47.167+0000] {subprocess.py:93} INFO -    900K .......... .......... .......... .......... .......... 55% 5.64M 0s
[2024-04-02T22:05:47.212+0000] {subprocess.py:93} INFO -    950K .......... .......... .......... .......... .......... 58% 1.07M 0s
[2024-04-02T22:05:47.217+0000] {subprocess.py:93} INFO -   1000K .......... .......... .......... .......... .......... 61% 11.4M 0s
[2024-04-02T22:05:47.220+0000] {subprocess.py:93} INFO -   1050K .......... .......... .......... .......... .......... 64% 13.3M 0s
[2024-04-02T22:05:47.224+0000] {subprocess.py:93} INFO -   1100K .......... .......... .......... .......... .......... 67% 13.9M 0s
[2024-04-02T22:05:47.230+0000] {subprocess.py:93} INFO -   1150K .......... .......... .......... .......... .......... 70% 8.47M 0s
[2024-04-02T22:05:47.232+0000] {subprocess.py:93} INFO -   1200K .......... .......... .......... .......... .......... 73% 23.6M 0s
[2024-04-02T22:05:47.240+0000] {subprocess.py:93} INFO -   1250K .......... .......... .......... .......... .......... 76% 6.16M 0s
[2024-04-02T22:05:47.244+0000] {subprocess.py:93} INFO -   1300K .......... .......... .......... .......... .......... 78% 11.2M 0s
[2024-04-02T22:05:47.245+0000] {subprocess.py:93} INFO -   1350K .......... .......... .......... .......... .......... 81%  101M 0s
[2024-04-02T22:05:47.245+0000] {subprocess.py:93} INFO -   1400K .......... .......... .......... .......... .......... 84%  241M 0s
[2024-04-02T22:05:47.245+0000] {subprocess.py:93} INFO -   1450K .......... .......... .......... .......... .......... 87%  255M 0s
[2024-04-02T22:05:47.246+0000] {subprocess.py:93} INFO -   1500K .......... .......... .......... .......... .......... 90% 46.1M 0s
[2024-04-02T22:05:47.256+0000] {subprocess.py:93} INFO -   1550K .......... .......... .......... .......... .......... 93% 4.81M 0s
[2024-04-02T22:05:47.259+0000] {subprocess.py:93} INFO -   1600K .......... .......... .......... .......... .......... 96% 17.2M 0s
[2024-04-02T22:05:47.267+0000] {subprocess.py:93} INFO -   1650K .......... .......... .......... .......... .......... 99% 5.95M 0s
[2024-04-02T22:05:47.268+0000] {subprocess.py:93} INFO -   1700K .........                                             100%  257M=0.3s
[2024-04-02T22:05:47.268+0000] {subprocess.py:93} INFO - 
[2024-04-02T22:05:47.268+0000] {subprocess.py:93} INFO - 2024-04-02 22:05:47 (6.53 MB/s) - ‘data.csv’ saved [1750355/1750355]
[2024-04-02T22:05:47.269+0000] {subprocess.py:93} INFO - 
[2024-04-02T22:05:47.269+0000] {subprocess.py:97} INFO - Command exited with return code 0
[2024-04-02T22:05:47.302+0000] {taskinstance.py:1149} INFO - Marking task as SUCCESS. dag_id=food_pipeline_dag_v02, task_id=download_data, execution_date=20240402T220545, start_date=20240402T220546, end_date=20240402T220547
[2024-04-02T22:05:47.334+0000] {local_task_job_runner.py:234} INFO - Task exited with return code 0
[2024-04-02T22:05:47.365+0000] {taskinstance.py:3312} INFO - 1 downstream tasks scheduled from follow-on schedule check
